0 info it worked if it ends with ok
1 verbose cli [ 'node', '/usr/local/bin/npm', 'install', 'aws-sdk' ]
2 info using npm@1.4.28
3 info using node@v0.10.33
4 error Failed to parse json
4 error Unexpected token }
5 error File: /Library/WebServer/Documents/jon/cloudninja-ec2/package.json
6 error Failed to parse package.json data.
6 error package.json must be actual JSON, not just JavaScript.
6 error
6 error This is not a bug in npm.
6 error Tell the package author to fix their package.json file. JSON.parse
7 error System Darwin 15.3.0
8 error command "node" "/usr/local/bin/npm" "install" "aws-sdk"
9 error cwd /Library/WebServer/Documents/jon/cloudninja-ec2
10 error node -v v0.10.33
11 error npm -v 1.4.28
12 error file /Library/WebServer/Documents/jon/cloudninja-ec2/package.json
13 error code EJSONPARSE
14 verbose exit [ 1, true ]
